#
# There is insufficient memory for the Java Runtime Environment to continue.
# Native memory allocation (mmap) failed to map 134217728 bytes for G1 virtual space
# Possible reasons:
#   The system is out of physical RAM or swap space
#   The process is running with CompressedOops enabled, and the Java Heap may be blocking the growth of the native heap
# Possible solutions:
#   Reduce memory load on the system
#   Increase physical memory or swap space
#   Check if swap backing store is full
#   Decrease Java heap size (-Xmx/-Xms)
#   Decrease number of Java threads
#   Decrease Java thread stack sizes (-Xss)
#   Set larger code cache with -XX:ReservedCodeCacheSize=
#   JVM is running with Unscaled Compressed Oops mode in which the Java heap is
#     placed in the first 4GB address space. The Java Heap base address is the
#     maximum limit for the native heap growth. Please use -XX:HeapBaseMinAddress
#     to set the Java Heap base and to place the Java Heap above 4GB virtual address.
# This output file may be truncated or incomplete.
#
#  Out of Memory Error (os_windows.cpp:3527), pid=18264, tid=19316
#
# JRE version:  (19.0.1+10) (build )
# Java VM: Java HotSpot(TM) 64-Bit Server VM (19.0.1+10-21, mixed mode, sharing, tiered, compressed oops, compressed class ptrs, g1 gc, windows-amd64)
# No core dump will be written. Minidumps are not enabled by default on client versions of Windows
#

---------------  S U M M A R Y ------------

Command Line: -Dfile.encoding=UTF-8 --module-path=C:\Users\ervin\OneDrive\Documentos\NetBeansProjects\JavaApplication8\build\classes Main.Main

Host: Intel(R) Core(TM) i5-4590 CPU @ 3.30GHz, 4 cores, 7G,  Windows 11 , 64 bit Build 22621 (10.0.22621.1105)
Time: Sat Jan 21 17:22:50 2023 Hora est. Pacífico, Sudamérica elapsed time: 0.015481 seconds (0d 0h 0m 0s)

---------------  T H R E A D  ---------------

Current thread (0x000002000edb7b80):  JavaThread "Unknown thread" [_thread_in_vm, id=19316, stack(0x000000da62300000,0x000000da62400000)]

Stack: [0x000000da62300000,0x000000da62400000]
Native frames: (J=compiled Java code, j=interpreted, Vv=VM code, C=native code)
V  [jvm.dll+0x6ee8fa]
V  [jvm.dll+0x857a1e]
V  [jvm.dll+0x85940e]
V  [jvm.dll+0x859ac3]
V  [jvm.dll+0x28291f]
V  [jvm.dll+0x6eb6e9]
V  [jvm.dll+0x6e028a]
V  [jvm.dll+0x357136]
V  [jvm.dll+0x35eb96]
V  [jvm.dll+0x3b555e]
V  [jvm.dll+0x3b578f]
V  [jvm.dll+0x32c6ea]
V  [jvm.dll+0x32d59e]
V  [jvm.dll+0x821b20]
V  [jvm.dll+0x3c27c1]
V  [jvm.dll+0x8022f1]
V  [jvm.dll+0x44b30f]
V  [jvm.dll+0x44cc91]
C  [jli.dll+0x5287]
C  [ucrtbase.dll+0x29363]
C  [KERNEL32.DLL+0x126bd]
C  [ntdll.dll+0x5dfb8]


---------------  P R O C E S S  ---------------

Threads class SMR info:
_java_thread_list=0x00007ff994a3d048, length=0, elements={
}

Java Threads: ( => current thread )

Other Threads:
  0x000002000ee16810 WorkerThread "GC Thread#0" [stack: 0x000000da62400000,0x000000da62500000] [id=19280]
  0x000002000ee27870 ConcurrentGCThread "G1 Main Marker" [stack: 0x000000da62500000,0x000000da62600000] [id=5892]
  0x000002000ee28a40 WorkerThread "G1 Conc#0" [stack: 0x000000da62600000,0x000000da62700000] [id=12656]

[error occurred during error reporting (printing all threads), id 0xc0000005, EXCEPTION_ACCESS_VIOLATION (0xc0000005) at pc=0x00007ff9941fd127]

VM state: not at safepoint (not fully initialized)

VM Mutex/Monitor currently owned by a thread:  ([mutex/lock_event])
[0x000002000edb12c0] Heap_lock - owner thread: 0x000002000edb7b80

Heap address: 0x0000000081000000, size: 2032 MB, Compressed Oops mode: 32-bit

CDS archive(s) mapped at: [0x0000000000000000-0x0000000000000000-0x0000000000000000), size 0, SharedBaseAddress: 0x0000000800000000, ArchiveRelocationMode: 0.
Narrow klass base: 0x0000000000000000, Narrow klass shift: 0, Narrow klass range: 0x0

GC Precious Log:
 CardTable entry size: 512
 Card Set container configuration: InlinePtr #cards 5 size 8 Array Of Cards #cards 12 size 40 Howl #buckets 4 coarsen threshold 1843 Howl Bitmap #cards 512 size 80 coarsen threshold 460 Card regions per heap region 1 cards per card region 2048

Heap:
 garbage-first heap   total 0K, used 0K [0x0000000081000000, 0x0000000100000000)
  region size 1024K, 0 young (0K), 0 survivors (0K)

[error occurred during error reporting (printing heap information), id 0xc0000005, EXCEPTION_ACCESS_VIOLATION (0xc0000005) at pc=0x00007ff994606959]

GC Heap History (0 events):
No events

Dll operation events (1 events):
Event: 0.007 Loaded shared library C:\Program Files\Java\jdk-19\bin\java.dll

Deoptimization events (0 events):
No events

Classes loaded (0 events):
No events

Classes unloaded (0 events):
No events

Classes redefined (0 events):
No events

Internal exceptions (0 events):
No events

VM Operations (0 events):
No events

Events (0 events):
No events


Dynamic libraries:
0x00007ff7ebdb0000 - 0x00007ff7ebdc0000 	C:\Program Files\Java\jdk-19\bin\java.exe
0x00007ff9d6790000 - 0x00007ff9d69a4000 	C:\Windows\SYSTEM32\ntdll.dll
0x00007ff9d4f20000 - 0x00007ff9d4fe3000 	C:\Windows\System32\KERNEL32.DLL
0x00007ff9d3ee0000 - 0x00007ff9d427d000 	C:\Windows\System32\KERNELBASE.dll
0x00007ff9d3dc0000 - 0x00007ff9d3ed1000 	C:\Windows\System32\ucrtbase.dll
0x00007ff9cd990000 - 0x00007ff9cd9ab000 	C:\Program Files\Java\jdk-19\bin\VCRUNTIME140.dll
0x00007ff9cd9c0000 - 0x00007ff9cd9d8000 	C:\Program Files\Java\jdk-19\bin\jli.dll
0x00007ff9d5e40000 - 0x00007ff9d5eee000 	C:\Windows\System32\ADVAPI32.dll
0x00007ff9d5c30000 - 0x00007ff9d5cd7000 	C:\Windows\System32\msvcrt.dll
0x00007ff9d5160000 - 0x00007ff9d5204000 	C:\Windows\System32\sechost.dll
0x00007ff9d5b10000 - 0x00007ff9d5c25000 	C:\Windows\System32\RPCRT4.dll
0x00007ff9d4850000 - 0x00007ff9d49fd000 	C:\Windows\System32\USER32.dll
0x00007ff9d43a0000 - 0x00007ff9d43c6000 	C:\Windows\System32\win32u.dll
0x00007ff9d53d0000 - 0x00007ff9d53f9000 	C:\Windows\System32\GDI32.dll
0x00007ff9d4280000 - 0x00007ff9d4392000 	C:\Windows\System32\gdi32full.dll
0x00007ff9c2f30000 - 0x00007ff9c31be000 	C:\Windows\WinSxS\amd64_microsoft.windows.common-controls_6595b64144ccf1df_6.0.22621.608_none_a9444ca7c10bb01d\COMCTL32.dll
0x00007ff9d3d20000 - 0x00007ff9d3dba000 	C:\Windows\System32\msvcp_win.dll
0x00007ff9cc3f0000 - 0x00007ff9cc3fa000 	C:\Windows\SYSTEM32\VERSION.dll
0x00007ff9d5da0000 - 0x00007ff9d5dd2000 	C:\Windows\System32\IMM32.DLL
0x00007ff9cdba0000 - 0x00007ff9cdbac000 	C:\Program Files\Java\jdk-19\bin\vcruntime140_1.dll
0x00007ff9c86e0000 - 0x00007ff9c876e000 	C:\Program Files\Java\jdk-19\bin\msvcp140.dll
0x00007ff993ec0000 - 0x00007ff994b80000 	C:\Program Files\Java\jdk-19\bin\server\jvm.dll
0x00007ff9cdcf0000 - 0x00007ff9cdcf9000 	C:\Windows\SYSTEM32\WSOCK32.dll
0x00007ff9cce60000 - 0x00007ff9cce94000 	C:\Windows\SYSTEM32\WINMM.dll
0x00007ff9d50e0000 - 0x00007ff9d5151000 	C:\Windows\System32\WS2_32.dll
0x00007ff9d2c00000 - 0x00007ff9d2c18000 	C:\Windows\SYSTEM32\kernel.appcore.dll
0x00007ff9cdb40000 - 0x00007ff9cdb4a000 	C:\Program Files\Java\jdk-19\bin\jimage.dll
0x00007ff9bf8a0000 - 0x00007ff9bface000 	C:\Windows\SYSTEM32\DBGHELP.DLL
0x00007ff9d4a00000 - 0x00007ff9d4d8a000 	C:\Windows\System32\combase.dll
0x00007ff9d59c0000 - 0x00007ff9d5a97000 	C:\Windows\System32\OLEAUT32.dll
0x00007ff9bf700000 - 0x00007ff9bf732000 	C:\Windows\SYSTEM32\dbgcore.DLL
0x00007ff9d43d0000 - 0x00007ff9d444b000 	C:\Windows\System32\bcryptPrimitives.dll
0x00007ff9c8ae0000 - 0x00007ff9c8b06000 	C:\Program Files\Java\jdk-19\bin\java.dll

dbghelp: loaded successfully - version: 4.0.5 - missing functions: none
symbol engine: initialized successfully - sym options: 0x614 - pdb path: .;C:\Program Files\Java\jdk-19\bin;C:\Windows\SYSTEM32;C:\Windows\WinSxS\amd64_microsoft.windows.common-controls_6595b64144ccf1df_6.0.22621.608_none_a9444ca7c10bb01d;C:\Program Files\Java\jdk-19\bin\server

VM Arguments:
jvm_args: -Dfile.encoding=UTF-8 --module-path=C:\Users\ervin\OneDrive\Documentos\NetBeansProjects\JavaApplication8\build\classes 
java_command: Main.Main
java_class_path (initial): C:\Users\ervin\OneDrive\Documentos\NetBeansProjects\JavaApplication8\build\classes
Launcher Type: SUN_STANDARD

[Global flags]
     intx CICompilerCount                          = 3                                         {product} {ergonomic}
     uint ConcGCThreads                            = 1                                         {product} {ergonomic}
     uint G1ConcRefinementThreads                  = 4                                         {product} {ergonomic}
   size_t G1HeapRegionSize                         = 1048576                                   {product} {ergonomic}
    uintx GCDrainStackTargetSize                   = 64                                        {product} {ergonomic}
   size_t InitialHeapSize                          = 134217728                                 {product} {ergonomic}
   size_t MarkStackSize                            = 4194304                                   {product} {ergonomic}
   size_t MaxHeapSize                              = 2130706432                                {product} {ergonomic}
   size_t MinHeapDeltaBytes                        = 1048576                                   {product} {ergonomic}
   size_t MinHeapSize                              = 8388608                                   {product} {ergonomic}
    uintx NonNMethodCodeHeapSize                   = 5832780                                {pd product} {ergonomic}
    uintx NonProfiledCodeHeapSize                  = 122912730                              {pd product} {ergonomic}
    uintx ProfiledCodeHeapSize                     = 122912730                              {pd product} {ergonomic}
    uintx ReservedCodeCacheSize                    = 251658240                              {pd product} {ergonomic}
     bool SegmentedCodeCache                       = true                                      {product} {ergonomic}
   size_t SoftMaxHeapSize                          = 2130706432                             {manageable} {ergonomic}
     bool UseCompressedClassPointers               = true                           {product lp64_product} {ergonomic}
     bool UseCompressedOops                        = true                           {product lp64_product} {ergonomic}
     bool UseG1GC                                  = true                                      {product} {ergonomic}
     bool UseLargePagesIndividualAllocation        = false                                  {pd product} {ergonomic}

Logging:
Log output configuration:
 #0: stdout all=warning uptime,level,tags foldmultilines=false
 #1: stderr all=off uptime,level,tags foldmultilines=false

Environment Variables:
PATH=C:\Program Files\Common Files\Oracle\Java\javapath;C:\Windows\system32;C:\Windows;C:\Windows\System32\Wbem;C:\Windows\System32\WindowsPowerShell\v1.0\;C:\Windows\System32\OpenSSH\;C:\Program Files\Git\cmd;C:\Users\ervin\AppData\Local\Microsoft\WindowsApps;;C:\Program Files\JetBrains\IntelliJ IDEA Community Edition 2022.3.1\bin;;C:\Program Files\JetBrains\IntelliJ IDEA 2022.3.1\bin;
USERNAME=ervin
OS=Windows_NT
PROCESSOR_IDENTIFIER=Intel64 Family 6 Model 60 Stepping 3, GenuineIntel
TMP=C:\Users\ervin\AppData\Local\Temp
TEMP=C:\Users\ervin\AppData\Local\Temp



---------------  S Y S T E M  ---------------

OS:
 Windows 11 , 64 bit Build 22621 (10.0.22621.1105)
OS uptime: 1 days 17:42 hours

CPU: total 4 (initial active 4) (4 cores per cpu, 1 threads per core) family 6 model 60 stepping 3 microcode 0x28, cx8, cmov, fxsr, mmx, sse, sse2, sse3, ssse3, sse4.1, sse4.2, popcnt, lzcnt, tsc, tscinvbit, avx, avx2, aes, erms, clmul, bmi1, bmi2, fma, vzeroupper, clflush, rdtscp

Memory: 4k page, system-wide physical 8120M (1785M free)
TotalPageFile size 22366M (AvailPageFile size 9M)
current process WorkingSet (physical memory assigned to process): 11M, peak: 11M
current process commit charge ("private bytes"): 52M, peak: 180M

vm_info: Java HotSpot(TM) 64-Bit Server VM (19.0.1+10-21) for windows-amd64 JRE (19.0.1+10-21), built on 2022-09-14T12:45:06Z by "mach5one" with MS VC++ 17.1 (VS2022)

END.
